<?xml version="1.0" encoding="UTF-8"?>
<!-- Generated by org.testng.reporters.JUnitReportReporter -->
<testsuite hostname="LAPTOP-NVK1CNMQ" failures="0" tests="3" name="TestNg.DataProvidersPractice" time="0.011" errors="0" timestamp="2023-11-02T12:19:53 IST" skipped="0">
  <testcase classname="TestNg.DataProvidersPractice" name="bookTicketTest" time="0.008"/>
  <testcase classname="TestNg.DataProvidersPractice" name="bookTicketTest" time="0.002"/>
  <testcase classname="TestNg.DataProvidersPractice" name="bookTicketTest" time="0.001"/>
</testsuite> <!-- TestNg.DataProvidersPractice -->
