<?xml version="1.0" encoding="UTF-8"?>
<!-- Generated by org.testng.reporters.JUnitReportReporter -->
<testsuite hostname="LAPTOP-NVK1CNMQ" failures="0" tests="1" name="Assertions.WhyNotElse" time="0.013" errors="0" timestamp="2023-10-18T13:41:17 IST" skipped="0">
  <testcase classname="Assertions.WhyNotElse" name="demo" time="0.013"/>
</testsuite> <!-- Assertions.WhyNotElse -->
