<?xml version="1.0" encoding="UTF-8"?>
<!-- Generated by org.testng.reporters.JUnitReportReporter -->
<testsuite hostname="LAPTOP-NVK1CNMQ" failures="0" tests="1" name="TestNg.SampleTest" time="0.013" errors="0" timestamp="2023-10-11T14:34:39 IST" skipped="0">
  <testcase classname="TestNg.SampleTest" name="demo" time="0.013"/>
</testsuite> <!-- TestNg.SampleTest -->
